# JRE version: OpenJDK Runtime Environment Temurin-17.0.5+8 (17.0.5+8) (build 17.0.5+8)
# Java VM: OpenJDK 64-Bit Server VM Temurin-17.0.5+8 (17.0.5+8, mixed mode, emulated-client, tiered, compressed oops, compressed class ptrs, g1 gc, windows-amd64)
GC Precious Log:
 CPUs: 8 total, 8 available
 Memory: 6080M
 Large Page Support: Disabled
 NUMA Support: Disabled
 Compressed Oops: Enabled (32-bit)
 Heap Region Size: 1M
 Heap Min Capacity: 8M
 Heap Initial Capacity: 96M
 Heap Max Capacity: 1522M
 Pre-touch: Disabled
 Parallel Workers: 8
 Concurrent Workers: 2
 Concurrent Refinement Workers: 8
 Periodic GC: Disabled
Heap:
 garbage-first heap   total 337920K, used 189359K [0x00000000a0e00000, 0x0000000100000000)
  region size 1024K, 2 young (2048K), 2 survivors (2048K)
 Metaspace       used 68577K, committed 68992K, reserved 1114112K
  class space    used 9242K, committed 9408K, reserved 1048576K
GC Heap History (20 events):
Event: 40320.333 GC heap after
{Heap after GC invocations=3029 (full 2882):
 garbage-first heap   total 337920K, used 100306K [0x00000000a0e00000, 0x0000000100000000)
  region size 1024K, 0 young (0K), 0 survivors (0K)
 Metaspace       used 68570K, committed 68992K, reserved 1114112K
  class space    used 9242K, committed 9408K, reserved 1048576K
}
Event: 40329.728 GC heap before
{Heap before GC invocations=3029 (full 2882):
 garbage-first heap   total 337920K, used 144338K [0x00000000a0e00000, 0x0000000100000000)
  region size 1024K, 45 young (46080K), 0 survivors (0K)
 Metaspace       used 68576K, committed 68992K, reserved 1114112K
  class space    used 9242K, committed 9408K, reserved 1048576K
}
Event: 40329.833 GC heap after
{Heap after GC invocations=3030 (full 2882):
 garbage-first heap   total 337920K, used 107090K [0x00000000a0e00000, 0x0000000100000000)
  region size 1024K, 7 young (7168K), 7 survivors (7168K)
 Metaspace       used 68576K, committed 68992K, reserved 1114112K
  class space    used 9242K, committed 9408K, reserved 1048576K
}
Event: 40332.809 GC heap before
{Heap before GC invocations=3031 (full 2882):
 garbage-first heap   total 337920K, used 231476K [0x00000000a0e00000, 0x0000000100000000)
  region size 1024K, 127 young (130048K), 7 survivors (7168K)
 Metaspace       used 68576K, committed 68992K, reserved 1114112K
  class space    used 9242K, committed 9408K, reserved 1048576K
}
Event: 40332.897 GC heap after
{Heap after GC invocations=3032 (full 2882):
 garbage-first heap   total 337920K, used 134649K [0x00000000a0e00000, 0x0000000100000000)
  region size 1024K, 16 young (16384K), 16 survivors (16384K)
 Metaspace       used 68576K, committed 68992K, reserved 1114112K
  class space    used 9242K, committed 9408K, reserved 1048576K
}
Event: 40332.903 GC heap before
{Heap before GC invocations=3032 (full 2882):
 garbage-first heap   total 337920K, used 135673K [0x00000000a0e00000, 0x0000000100000000)
  region size 1024K, 17 young (17408K), 16 survivors (16384K)
 Metaspace       used 68576K, committed 68992K, reserved 1114112K
  class space    used 9242K, committed 9408K, reserved 1048576K
}
Event: 40332.975 GC heap after
{Heap after GC invocations=3033 (full 2882):
 garbage-first heap   total 337920K, used 137131K [0x00000000a0e00000, 0x0000000100000000)
  region size 1024K, 3 young (3072K), 3 survivors (3072K)
 Metaspace       used 68576K, committed 68992K, reserved 1114112K
  class space    used 9242K, committed 9408K, reserved 1048576K
}
Event: 40334.027 GC heap before
{Heap before GC invocations=3033 (full 2882):
 garbage-first heap   total 337920K, used 253867K [0x00000000a0e00000, 0x0000000100000000)
  region size 1024K, 115 young (117760K), 3 survivors (3072K)
 Metaspace       used 68577K, committed 68992K, reserved 1114112K
  class space    used 9242K, committed 9408K, reserved 1048576K
}
Event: 40334.051 GC heap after
{Heap after GC invocations=3034 (full 2882):
 garbage-first heap   total 337920K, used 156807K [0x00000000a0e00000, 0x0000000100000000)
  region size 1024K, 15 young (15360K), 15 survivors (15360K)
 Metaspace       used 68577K, committed 68992K, reserved 1114112K
  class space    used 9242K, committed 9408K, reserved 1048576K
}
Event: 40334.211 GC heap before
{Heap before GC invocations=3034 (full 2882):
 garbage-first heap   total 337920K, used 205959K [0x00000000a0e00000, 0x0000000100000000)
  region size 1024K, 64 young (65536K), 15 survivors (15360K)
 Metaspace       used 68577K, committed 68992K, reserved 1114112K
  class space    used 9242K, committed 9408K, reserved 1048576K
}
Event: 40334.277 GC heap after
{Heap after GC invocations=3035 (full 2882):
 garbage-first heap   total 337920K, used 165458K [0x00000000a0e00000, 0x0000000100000000)
  region size 1024K, 8 young (8192K), 8 survivors (8192K)
 Metaspace       used 68577K, committed 68992K, reserved 1114112K
  class space    used 9242K, committed 9408K, reserved 1048576K
}
Event: 40334.881 GC heap before
{Heap before GC invocations=3036 (full 2882):
 garbage-first heap   total 337920K, used 262738K [0x00000000a0e00000, 0x0000000100000000)
  region size 1024K, 101 young (103424K), 8 survivors (8192K)
 Metaspace       used 68577K, committed 68992K, reserved 1114112K
  class space    used 9242K, committed 9408K, reserved 1048576K
}
Event: 40334.922 GC heap after
{Heap after GC invocations=3037 (full 2882):
 garbage-first heap   total 337920K, used 177778K [0x00000000a0e00000, 0x0000000100000000)
  region size 1024K, 12 young (12288K), 12 survivors (12288K)
 Metaspace       used 68577K, committed 68992K, reserved 1114112K
  class space    used 9242K, committed 9408K, reserved 1048576K
}
Event: 40334.948 GC heap before
{Heap before GC invocations=3037 (full 2882):
 garbage-first heap   total 337920K, used 181874K [0x00000000a0e00000, 0x0000000100000000)
  region size 1024K, 16 young (16384K), 12 survivors (12288K)
 Metaspace       used 68577K, committed 68992K, reserved 1114112K
  class space    used 9242K, committed 9408K, reserved 1048576K
}
Event: 40334.987 GC heap after
{Heap after GC invocations=3038 (full 2882):
 garbage-first heap   total 337920K, used 176844K [0x00000000a0e00000, 0x0000000100000000)
  region size 1024K, 2 young (2048K), 2 survivors (2048K)
 Metaspace       used 68577K, committed 68992K, reserved 1114112K
  class space    used 9242K, committed 9408K, reserved 1048576K
}
Event: 40335.083 GC heap before
{Heap before GC invocations=3038 (full 2882):
 garbage-first heap   total 337920K, used 208588K [0x00000000a0e00000, 0x0000000100000000)
  region size 1024K, 34 young (34816K), 2 survivors (2048K)
 Metaspace       used 68577K, committed 68992K, reserved 1114112K
  class space    used 9242K, committed 9408K, reserved 1048576K
}
Event: 40335.092 GC heap after
{Heap after GC invocations=3039 (full 2882):
 garbage-first heap   total 337920K, used 180226K [0x00000000a0e00000, 0x0000000100000000)
  region size 1024K, 6 young (6144K), 6 survivors (6144K)
 Metaspace       used 68577K, committed 68992K, reserved 1114112K
  class space    used 9242K, committed 9408K, reserved 1048576K
}
Event: 40335.506 GC heap before
{Heap before GC invocations=3040 (full 2882):
 garbage-first heap   total 337920K, used 269314K [0x00000000a0e00000, 0x0000000100000000)
  region size 1024K, 92 young (94208K), 6 survivors (6144K)
 Metaspace       used 68577K, committed 68992K, reserved 1114112K
  class space    used 9242K, committed 9408K, reserved 1048576K
}
Event: 40335.530 GC heap after
{Heap after GC invocations=3041 (full 2882):
 garbage-first heap   total 337920K, used 191786K [0x00000000a0e00000, 0x0000000100000000)
  region size 1024K, 12 young (12288K), 12 survivors (12288K)
 Metaspace       used 68577K, committed 68992K, reserved 1114112K
  class space    used 9242K, committed 9408K, reserved 1048576K
}
Event: 40335.538 GC heap before
{Heap before GC invocations=3041 (full 2882):
 garbage-first heap   total 337920K, used 195882K [0x00000000a0e00000, 0x0000000100000000)
  region size 1024K, 16 young (16384K), 12 survivors (12288K)
 Metaspace       used 68577K, committed 68992K, reserved 1114112K
  class space    used 9242K, committed 9408K, reserved 1048576K
}

