# JRE version: OpenJDK Runtime Environment Temurin-17.0.5+8 (17.0.5+8) (build 17.0.5+8)
# Java VM: OpenJDK 64-Bit Server VM Temurin-17.0.5+8 (17.0.5+8, mixed mode, emulated-client, tiered, compressed oops, compressed class ptrs, g1 gc, windows-amd64)
GC Precious Log:
 CPUs: 8 total, 8 available
 Memory: 6080M
 Large Page Support: Disabled
 NUMA Support: Disabled
 Compressed Oops: Enabled (32-bit)
 Heap Region Size: 1M
 Heap Min Capacity: 8M
 Heap Initial Capacity: 96M
 Heap Max Capacity: 1522M
 Pre-touch: Disabled
 Parallel Workers: 8
 Concurrent Workers: 2
 Concurrent Refinement Workers: 8
 Periodic GC: Disabled
Heap:
 garbage-first heap   total 308224K, used 100954K [0x00000000a0e00000, 0x0000000100000000)
  region size 1024K, 12 young (12288K), 12 survivors (12288K)
 Metaspace       used 41086K, committed 41408K, reserved 1089536K
  class space    used 5116K, committed 5248K, reserved 1048576K
GC Heap History (20 events):
Event: 2.723 GC heap after
{Heap after GC invocations=10 (full 0):
 garbage-first heap   total 61440K, used 26501K [0x00000000a0e00000, 0x0000000100000000)
  region size 1024K, 1 young (1024K), 1 survivors (1024K)
 Metaspace       used 35888K, committed 36160K, reserved 1081344K
  class space    used 4635K, committed 4800K, reserved 1048576K
}
Event: 2.769 GC heap before
{Heap before GC invocations=11 (full 0):
 garbage-first heap   total 61440K, used 43909K [0x00000000a0e00000, 0x0000000100000000)
  region size 1024K, 19 young (19456K), 1 survivors (1024K)
 Metaspace       used 36087K, committed 36352K, reserved 1081344K
  class space    used 4649K, committed 4800K, reserved 1048576K
}
Event: 2.772 GC heap after
{Heap after GC invocations=12 (full 0):
 garbage-first heap   total 61440K, used 30625K [0x00000000a0e00000, 0x0000000100000000)
  region size 1024K, 3 young (3072K), 3 survivors (3072K)
 Metaspace       used 36087K, committed 36352K, reserved 1081344K
  class space    used 4649K, committed 4800K, reserved 1048576K
}
Event: 2.773 GC heap before
{Heap before GC invocations=12 (full 0):
 garbage-first heap   total 61440K, used 31649K [0x00000000a0e00000, 0x0000000100000000)
  region size 1024K, 4 young (4096K), 3 survivors (3072K)
 Metaspace       used 36087K, committed 36352K, reserved 1081344K
  class space    used 4649K, committed 4800K, reserved 1048576K
}
Event: 2.775 GC heap after
{Heap after GC invocations=13 (full 0):
 garbage-first heap   total 109568K, used 30128K [0x00000000a0e00000, 0x0000000100000000)
  region size 1024K, 1 young (1024K), 1 survivors (1024K)
 Metaspace       used 36087K, committed 36352K, reserved 1081344K
  class space    used 4649K, committed 4800K, reserved 1048576K
}
Event: 2.886 GC heap before
{Heap before GC invocations=13 (full 0):
 garbage-first heap   total 109568K, used 77232K [0x00000000a0e00000, 0x0000000100000000)
  region size 1024K, 47 young (48128K), 1 survivors (1024K)
 Metaspace       used 37547K, committed 37888K, reserved 1089536K
  class space    used 4767K, committed 4928K, reserved 1048576K
}
Event: 2.893 GC heap after
{Heap after GC invocations=14 (full 0):
 garbage-first heap   total 109568K, used 37267K [0x00000000a0e00000, 0x0000000100000000)
  region size 1024K, 6 young (6144K), 6 survivors (6144K)
 Metaspace       used 37547K, committed 37888K, reserved 1089536K
  class space    used 4767K, committed 4928K, reserved 1048576K
}
Event: 2.949 GC heap before
{Heap before GC invocations=14 (full 0):
 garbage-first heap   total 109568K, used 75155K [0x00000000a0e00000, 0x0000000100000000)
  region size 1024K, 44 young (45056K), 6 survivors (6144K)
 Metaspace       used 38016K, committed 38272K, reserved 1089536K
  class space    used 4797K, committed 4928K, reserved 1048576K
}
Event: 2.960 GC heap after
{Heap after GC invocations=15 (full 0):
 garbage-first heap   total 109568K, used 48128K [0x00000000a0e00000, 0x0000000100000000)
  region size 1024K, 6 young (6144K), 6 survivors (6144K)
 Metaspace       used 38016K, committed 38272K, reserved 1089536K
  class space    used 4797K, committed 4928K, reserved 1048576K
}
Event: 3.061 GC heap before
{Heap before GC invocations=15 (full 0):
 garbage-first heap   total 109568K, used 77824K [0x00000000a0e00000, 0x0000000100000000)
  region size 1024K, 36 young (36864K), 6 survivors (6144K)
 Metaspace       used 38690K, committed 39040K, reserved 1089536K
  class space    used 4872K, committed 5056K, reserved 1048576K
}
Event: 3.069 GC heap after
{Heap after GC invocations=16 (full 0):
 garbage-first heap   total 109568K, used 54038K [0x00000000a0e00000, 0x0000000100000000)
  region size 1024K, 5 young (5120K), 5 survivors (5120K)
 Metaspace       used 38690K, committed 39040K, reserved 1089536K
  class space    used 4872K, committed 5056K, reserved 1048576K
}
Event: 3.080 GC heap before
{Heap before GC invocations=16 (full 0):
 garbage-first heap   total 109568K, used 57110K [0x00000000a0e00000, 0x0000000100000000)
  region size 1024K, 9 young (9216K), 5 survivors (5120K)
 Metaspace       used 38790K, committed 39104K, reserved 1089536K
  class space    used 4891K, committed 5056K, reserved 1048576K
}
Event: 3.085 GC heap after
{Heap after GC invocations=17 (full 0):
 garbage-first heap   total 308224K, used 56126K [0x00000000a0e00000, 0x0000000100000000)
  region size 1024K, 2 young (2048K), 2 survivors (2048K)
 Metaspace       used 38790K, committed 39104K, reserved 1089536K
  class space    used 4891K, committed 5056K, reserved 1048576K
}
Event: 3.333 GC heap before
{Heap before GC invocations=17 (full 0):
 garbage-first heap   total 308224K, used 219966K [0x00000000a0e00000, 0x0000000100000000)
  region size 1024K, 160 young (163840K), 2 survivors (2048K)
 Metaspace       used 40485K, committed 40832K, reserved 1089536K
  class space    used 5043K, committed 5184K, reserved 1048576K
}
Event: 3.360 GC heap after
{Heap after GC invocations=18 (full 0):
 garbage-first heap   total 308224K, used 83190K [0x00000000a0e00000, 0x0000000100000000)
  region size 1024K, 20 young (20480K), 20 survivors (20480K)
 Metaspace       used 40485K, committed 40832K, reserved 1089536K
  class space    used 5043K, committed 5184K, reserved 1048576K
}
Event: 3.428 GC heap before
{Heap before GC invocations=18 (full 0):
 garbage-first heap   total 308224K, used 220406K [0x00000000a0e00000, 0x0000000100000000)
  region size 1024K, 155 young (158720K), 20 survivors (20480K)
 Metaspace       used 40752K, committed 41152K, reserved 1089536K
  class space    used 5082K, committed 5248K, reserved 1048576K
}
Event: 3.439 GC heap after
{Heap after GC invocations=19 (full 0):
 garbage-first heap   total 308224K, used 90158K [0x00000000a0e00000, 0x0000000100000000)
  region size 1024K, 7 young (7168K), 7 survivors (7168K)
 Metaspace       used 40752K, committed 41152K, reserved 1089536K
  class space    used 5082K, committed 5248K, reserved 1048576K
}
Event: 3.489 GC heap before
{Heap before GC invocations=19 (full 0):
 garbage-first heap   total 308224K, used 229422K [0x00000000a0e00000, 0x0000000100000000)
  region size 1024K, 144 young (147456K), 7 survivors (7168K)
 Metaspace       used 40975K, committed 41344K, reserved 1089536K
  class space    used 5111K, committed 5248K, reserved 1048576K
}
Event: 3.495 GC heap after
{Heap after GC invocations=20 (full 0):
 garbage-first heap   total 308224K, used 95029K [0x00000000a0e00000, 0x0000000100000000)
  region size 1024K, 12 young (12288K), 12 survivors (12288K)
 Metaspace       used 40975K, committed 41344K, reserved 1089536K
  class space    used 5111K, committed 5248K, reserved 1048576K
}
Event: 3.532 GC heap before
{Heap before GC invocations=20 (full 0):
 garbage-first heap   total 308224K, used 236341K [0x00000000a0e00000, 0x0000000100000000)
  region size 1024K, 151 young (154624K), 12 survivors (12288K)
 Metaspace       used 41086K, committed 41408K, reserved 1089536K
  class space    used 5116K, committed 5248K, reserved 1048576K
}

