# JRE version: OpenJDK Runtime Environment Temurin-17.0.5+8 (17.0.5+8) (build 17.0.5+8)
# Java VM: OpenJDK 64-Bit Server VM Temurin-17.0.5+8 (17.0.5+8, mixed mode, emulated-client, tiered, compressed oops, compressed class ptrs, g1 gc, windows-amd64)
GC Precious Log:
 CPUs: 8 total, 8 available
 Memory: 6080M
 Large Page Support: Disabled
 NUMA Support: Disabled
 Compressed Oops: Enabled (32-bit)
 Heap Region Size: 1M
 Heap Min Capacity: 8M
 Heap Initial Capacity: 96M
 Heap Max Capacity: 1522M
 Pre-touch: Disabled
 Parallel Workers: 8
 Concurrent Workers: 2
 Concurrent Refinement Workers: 8
 Periodic GC: Disabled
Heap:
 garbage-first heap   total 401408K, used 119468K [0x00000000a0e00000, 0x0000000100000000)
  region size 1024K, 18 young (18432K), 18 survivors (18432K)
 Metaspace       used 41671K, committed 42112K, reserved 1089536K
  class space    used 5176K, committed 5376K, reserved 1048576K
GC Heap History (20 events):
Event: 2.995 GC heap after
{Heap after GC invocations=14 (full 0):
 garbage-first heap   total 100352K, used 40119K [0x00000000a0e00000, 0x0000000100000000)
  region size 1024K, 6 young (6144K), 6 survivors (6144K)
 Metaspace       used 37711K, committed 38080K, reserved 1089536K
  class space    used 4770K, committed 4928K, reserved 1048576K
}
Event: 3.053 GC heap before
{Heap before GC invocations=14 (full 0):
 garbage-first heap   total 100352K, used 70839K [0x00000000a0e00000, 0x0000000100000000)
  region size 1024K, 36 young (36864K), 6 survivors (6144K)
 Metaspace       used 38019K, committed 38272K, reserved 1089536K
  class space    used 4799K, committed 4928K, reserved 1048576K
}
Event: 3.063 GC heap after
{Heap after GC invocations=15 (full 0):
 garbage-first heap   total 100352K, used 48766K [0x00000000a0e00000, 0x0000000100000000)
  region size 1024K, 5 young (5120K), 5 survivors (5120K)
 Metaspace       used 38019K, committed 38272K, reserved 1089536K
  class space    used 4799K, committed 4928K, reserved 1048576K
}
Event: 3.196 GC heap before
{Heap before GC invocations=15 (full 0):
 garbage-first heap   total 100352K, used 74366K [0x00000000a0e00000, 0x0000000100000000)
  region size 1024K, 30 young (30720K), 5 survivors (5120K)
 Metaspace       used 38827K, committed 39168K, reserved 1089536K
  class space    used 4895K, committed 5056K, reserved 1048576K
}
Event: 3.204 GC heap after
{Heap after GC invocations=16 (full 0):
 garbage-first heap   total 200704K, used 55296K [0x00000000a0e00000, 0x0000000100000000)
  region size 1024K, 4 young (4096K), 4 survivors (4096K)
 Metaspace       used 38827K, committed 39168K, reserved 1089536K
  class space    used 4895K, committed 5056K, reserved 1048576K
}
Event: 3.344 GC heap before
{Heap before GC invocations=16 (full 0):
 garbage-first heap   total 200704K, used 132096K [0x00000000a0e00000, 0x0000000100000000)
  region size 1024K, 78 young (79872K), 4 survivors (4096K)
 Metaspace       used 40037K, committed 40384K, reserved 1089536K
  class space    used 5031K, committed 5184K, reserved 1048576K
}
Event: 3.371 GC heap after
{Heap after GC invocations=17 (full 0):
 garbage-first heap   total 200704K, used 77977K [0x00000000a0e00000, 0x0000000100000000)
  region size 1024K, 10 young (10240K), 10 survivors (10240K)
 Metaspace       used 40037K, committed 40384K, reserved 1089536K
  class space    used 5031K, committed 5184K, reserved 1048576K
}
Event: 3.406 GC heap before
{Heap before GC invocations=17 (full 0):
 garbage-first heap   total 200704K, used 132249K [0x00000000a0e00000, 0x0000000100000000)
  region size 1024K, 64 young (65536K), 10 survivors (10240K)
 Metaspace       used 40094K, committed 40448K, reserved 1089536K
  class space    used 5035K, committed 5184K, reserved 1048576K
}
Event: 3.414 GC heap after
{Heap after GC invocations=18 (full 0):
 garbage-first heap   total 200704K, used 81497K [0x00000000a0e00000, 0x0000000100000000)
  region size 1024K, 3 young (3072K), 3 survivors (3072K)
 Metaspace       used 40094K, committed 40448K, reserved 1089536K
  class space    used 5035K, committed 5184K, reserved 1048576K
}
Event: 3.443 GC heap before
{Heap before GC invocations=18 (full 0):
 garbage-first heap   total 200704K, used 137817K [0x00000000a0e00000, 0x0000000100000000)
  region size 1024K, 59 young (60416K), 3 survivors (3072K)
 Metaspace       used 40128K, committed 40448K, reserved 1089536K
  class space    used 5044K, committed 5184K, reserved 1048576K
}
Event: 3.447 GC heap after
{Heap after GC invocations=19 (full 0):
 garbage-first heap   total 200704K, used 83506K [0x00000000a0e00000, 0x0000000100000000)
  region size 1024K, 5 young (5120K), 5 survivors (5120K)
 Metaspace       used 40128K, committed 40448K, reserved 1089536K
  class space    used 5044K, committed 5184K, reserved 1048576K
}
Event: 3.474 GC heap before
{Heap before GC invocations=19 (full 0):
 garbage-first heap   total 200704K, used 143922K [0x00000000a0e00000, 0x0000000100000000)
  region size 1024K, 65 young (66560K), 5 survivors (5120K)
 Metaspace       used 40185K, committed 40576K, reserved 1089536K
  class space    used 5053K, committed 5248K, reserved 1048576K
}
Event: 3.481 GC heap after
{Heap after GC invocations=20 (full 0):
 garbage-first heap   total 401408K, used 86122K [0x00000000a0e00000, 0x0000000100000000)
  region size 1024K, 6 young (6144K), 6 survivors (6144K)
 Metaspace       used 40185K, committed 40576K, reserved 1089536K
  class space    used 5053K, committed 5248K, reserved 1048576K
}
Event: 3.552 GC heap before
{Heap before GC invocations=20 (full 0):
 garbage-first heap   total 401408K, used 258154K [0x00000000a0e00000, 0x0000000100000000)
  region size 1024K, 175 young (179200K), 6 survivors (6144K)
 Metaspace       used 40657K, committed 41024K, reserved 1089536K
  class space    used 5078K, committed 5248K, reserved 1048576K
}
Event: 3.559 GC heap after
{Heap after GC invocations=21 (full 0):
 garbage-first heap   total 401408K, used 93419K [0x00000000a0e00000, 0x0000000100000000)
  region size 1024K, 13 young (13312K), 13 survivors (13312K)
 Metaspace       used 40657K, committed 41024K, reserved 1089536K
  class space    used 5078K, committed 5248K, reserved 1048576K
}
Event: 3.619 GC heap before
{Heap before GC invocations=21 (full 0):
 garbage-first heap   total 401408K, used 305387K [0x00000000a0e00000, 0x0000000100000000)
  region size 1024K, 221 young (226304K), 13 survivors (13312K)
 Metaspace       used 40981K, committed 41344K, reserved 1089536K
  class space    used 5108K, committed 5248K, reserved 1048576K
}
Event: 3.629 GC heap after
{Heap after GC invocations=22 (full 0):
 garbage-first heap   total 401408K, used 101862K [0x00000000a0e00000, 0x0000000100000000)
  region size 1024K, 21 young (21504K), 21 survivors (21504K)
 Metaspace       used 40981K, committed 41344K, reserved 1089536K
  class space    used 5108K, committed 5248K, reserved 1048576K
}
Event: 3.693 GC heap before
{Heap before GC invocations=22 (full 0):
 garbage-first heap   total 401408K, used 311782K [0x00000000a0e00000, 0x0000000100000000)
  region size 1024K, 227 young (232448K), 21 survivors (21504K)
 Metaspace       used 41220K, committed 41664K, reserved 1089536K
  class space    used 5135K, committed 5312K, reserved 1048576K
}
Event: 3.708 GC heap after
{Heap after GC invocations=23 (full 0):
 garbage-first heap   total 401408K, used 111817K [0x00000000a0e00000, 0x0000000100000000)
  region size 1024K, 19 young (19456K), 19 survivors (19456K)
 Metaspace       used 41220K, committed 41664K, reserved 1089536K
  class space    used 5135K, committed 5312K, reserved 1048576K
}
Event: 3.771 GC heap before
{Heap before GC invocations=23 (full 0):
 garbage-first heap   total 401408K, used 318665K [0x00000000a0e00000, 0x0000000100000000)
  region size 1024K, 222 young (227328K), 19 survivors (19456K)
 Metaspace       used 41671K, committed 42112K, reserved 1089536K
  class space    used 5176K, committed 5376K, reserved 1048576K
}

