# JRE version: OpenJDK Runtime Environment Temurin-17.0.5+8 (17.0.5+8) (build 17.0.5+8)
# Java VM: OpenJDK 64-Bit Server VM Temurin-17.0.5+8 (17.0.5+8, mixed mode, emulated-client, tiered, compressed oops, compressed class ptrs, g1 gc, windows-amd64)
GC Precious Log:
 CPUs: 8 total, 8 available
 Memory: 6080M
 Large Page Support: Disabled
 NUMA Support: Disabled
 Compressed Oops: Enabled (32-bit)
 Heap Region Size: 1M
 Heap Min Capacity: 8M
 Heap Initial Capacity: 96M
 Heap Max Capacity: 1522M
 Pre-touch: Disabled
 Parallel Workers: 8
 Concurrent Workers: 2
 Concurrent Refinement Workers: 8
 Periodic GC: Disabled
Heap:
 garbage-first heap   total 297984K, used 94183K [0x00000000a0e00000, 0x0000000100000000)
  region size 1024K, 13 young (13312K), 13 survivors (13312K)
 Metaspace       used 40589K, committed 40960K, reserved 1089536K
  class space    used 5065K, committed 5248K, reserved 1048576K
GC Heap History (20 events):
Event: 2.789 GC heap after
{Heap after GC invocations=12 (full 0):
 garbage-first heap   total 61440K, used 32758K [0x00000000a0e00000, 0x0000000100000000)
  region size 1024K, 3 young (3072K), 3 survivors (3072K)
 Metaspace       used 36649K, committed 36992K, reserved 1081344K
  class space    used 4706K, committed 4864K, reserved 1048576K
}
Event: 2.816 GC heap before
{Heap before GC invocations=12 (full 0):
 garbage-first heap   total 61440K, used 47094K [0x00000000a0e00000, 0x0000000100000000)
  region size 1024K, 17 young (17408K), 3 survivors (3072K)
 Metaspace       used 37037K, committed 37376K, reserved 1081344K
  class space    used 4746K, committed 4864K, reserved 1048576K
}
Event: 2.820 GC heap after
{Heap after GC invocations=13 (full 0):
 garbage-first heap   total 112640K, used 35282K [0x00000000a0e00000, 0x0000000100000000)
  region size 1024K, 3 young (3072K), 3 survivors (3072K)
 Metaspace       used 37037K, committed 37376K, reserved 1081344K
  class space    used 4746K, committed 4864K, reserved 1048576K
}
Event: 2.909 GC heap before
{Heap before GC invocations=14 (full 0):
 garbage-first heap   total 112640K, used 80338K [0x00000000a0e00000, 0x0000000100000000)
  region size 1024K, 48 young (49152K), 3 survivors (3072K)
 Metaspace       used 38010K, committed 38272K, reserved 1089536K
  class space    used 4799K, committed 4928K, reserved 1048576K
}
Event: 2.918 GC heap after
{Heap after GC invocations=15 (full 0):
 garbage-first heap   total 112640K, used 45873K [0x00000000a0e00000, 0x0000000100000000)
  region size 1024K, 6 young (6144K), 6 survivors (6144K)
 Metaspace       used 38010K, committed 38272K, reserved 1089536K
  class space    used 4799K, committed 4928K, reserved 1048576K
}
Event: 3.020 GC heap before
{Heap before GC invocations=15 (full 0):
 garbage-first heap   total 112640K, used 77617K [0x00000000a0e00000, 0x0000000100000000)
  region size 1024K, 38 young (38912K), 6 survivors (6144K)
 Metaspace       used 38669K, committed 39040K, reserved 1089536K
  class space    used 4872K, committed 5056K, reserved 1048576K
}
Event: 3.028 GC heap after
{Heap after GC invocations=16 (full 0):
 garbage-first heap   total 112640K, used 52648K [0x00000000a0e00000, 0x0000000100000000)
  region size 1024K, 5 young (5120K), 5 survivors (5120K)
 Metaspace       used 38669K, committed 39040K, reserved 1089536K
  class space    used 4872K, committed 5056K, reserved 1048576K
}
Event: 3.094 GC heap before
{Heap before GC invocations=16 (full 0):
 garbage-first heap   total 112640K, used 79272K [0x00000000a0e00000, 0x0000000100000000)
  region size 1024K, 31 young (31744K), 5 survivors (5120K)
 Metaspace       used 38891K, committed 39232K, reserved 1089536K
  class space    used 4903K, committed 5056K, reserved 1048576K
}
Event: 3.105 GC heap after
{Heap after GC invocations=17 (full 0):
 garbage-first heap   total 112640K, used 69527K [0x00000000a0e00000, 0x0000000100000000)
  region size 1024K, 5 young (5120K), 5 survivors (5120K)
 Metaspace       used 38891K, committed 39232K, reserved 1089536K
  class space    used 4903K, committed 5056K, reserved 1048576K
}
Event: 3.190 GC heap before
{Heap before GC invocations=17 (full 0):
 garbage-first heap   total 135168K, used 83863K [0x00000000a0e00000, 0x0000000100000000)
  region size 1024K, 20 young (20480K), 5 survivors (5120K)
 Metaspace       used 39489K, committed 39872K, reserved 1089536K
  class space    used 4982K, committed 5184K, reserved 1048576K
}
Event: 3.207 GC heap after
{Heap after GC invocations=18 (full 0):
 garbage-first heap   total 135168K, used 75503K [0x00000000a0e00000, 0x0000000100000000)
  region size 1024K, 3 young (3072K), 3 survivors (3072K)
 Metaspace       used 39489K, committed 39872K, reserved 1089536K
  class space    used 4982K, committed 5184K, reserved 1048576K
}
Event: 3.225 GC heap before
{Heap before GC invocations=18 (full 0):
 garbage-first heap   total 135168K, used 95983K [0x00000000a0e00000, 0x0000000100000000)
  region size 1024K, 24 young (24576K), 3 survivors (3072K)
 Metaspace       used 39504K, committed 39872K, reserved 1089536K
  class space    used 4988K, committed 5184K, reserved 1048576K
}
Event: 3.229 GC heap after
{Heap after GC invocations=19 (full 0):
 garbage-first heap   total 297984K, used 77152K [0x00000000a0e00000, 0x0000000100000000)
  region size 1024K, 2 young (2048K), 2 survivors (2048K)
 Metaspace       used 39504K, committed 39872K, reserved 1089536K
  class space    used 4988K, committed 5184K, reserved 1048576K
}
Event: 3.309 GC heap before
{Heap before GC invocations=20 (full 0):
 garbage-first heap   total 297984K, used 208224K [0x00000000a0e00000, 0x0000000100000000)
  region size 1024K, 131 young (134144K), 2 survivors (2048K)
 Metaspace       used 39969K, committed 40320K, reserved 1089536K
  class space    used 5018K, committed 5184K, reserved 1048576K
}
Event: 3.313 GC heap after
{Heap after GC invocations=21 (full 0):
 garbage-first heap   total 297984K, used 82499K [0x00000000a0e00000, 0x0000000100000000)
  region size 1024K, 7 young (7168K), 7 survivors (7168K)
 Metaspace       used 39969K, committed 40320K, reserved 1089536K
  class space    used 5018K, committed 5184K, reserved 1048576K
}
Event: 3.317 GC heap before
{Heap before GC invocations=21 (full 0):
 garbage-first heap   total 297984K, used 88643K [0x00000000a0e00000, 0x0000000100000000)
  region size 1024K, 14 young (14336K), 7 survivors (7168K)
 Metaspace       used 39981K, committed 40384K, reserved 1089536K
  class space    used 5024K, committed 5184K, reserved 1048576K
}
Event: 3.320 GC heap after
{Heap after GC invocations=22 (full 0):
 garbage-first heap   total 297984K, used 82653K [0x00000000a0e00000, 0x0000000100000000)
  region size 1024K, 1 young (1024K), 1 survivors (1024K)
 Metaspace       used 39981K, committed 40384K, reserved 1089536K
  class space    used 5024K, committed 5184K, reserved 1048576K
}
Event: 3.379 GC heap before
{Heap before GC invocations=22 (full 0):
 garbage-first heap   total 297984K, used 224989K [0x00000000a0e00000, 0x0000000100000000)
  region size 1024K, 141 young (144384K), 1 survivors (1024K)
 Metaspace       used 40256K, committed 40640K, reserved 1089536K
  class space    used 5058K, committed 5248K, reserved 1048576K
}
Event: 3.383 GC heap after
{Heap after GC invocations=23 (full 0):
 garbage-first heap   total 297984K, used 87813K [0x00000000a0e00000, 0x0000000100000000)
  region size 1024K, 6 young (6144K), 6 survivors (6144K)
 Metaspace       used 40256K, committed 40640K, reserved 1089536K
  class space    used 5058K, committed 5248K, reserved 1048576K
}
Event: 3.443 GC heap before
{Heap before GC invocations=23 (full 0):
 garbage-first heap   total 297984K, used 231173K [0x00000000a0e00000, 0x0000000100000000)
  region size 1024K, 147 young (150528K), 6 survivors (6144K)
 Metaspace       used 40589K, committed 40960K, reserved 1089536K
  class space    used 5065K, committed 5248K, reserved 1048576K
}

