# JRE version: OpenJDK Runtime Environment Temurin-17.0.5+8 (17.0.5+8) (build 17.0.5+8)
# Java VM: OpenJDK 64-Bit Server VM Temurin-17.0.5+8 (17.0.5+8, mixed mode, emulated-client, tiered, compressed oops, compressed class ptrs, g1 gc, windows-amd64)
GC Precious Log:
 CPUs: 8 total, 8 available
 Memory: 6080M
 Large Page Support: Disabled
 NUMA Support: Disabled
 Compressed Oops: Enabled (32-bit)
 Heap Region Size: 1M
 Heap Min Capacity: 8M
 Heap Initial Capacity: 96M
 Heap Max Capacity: 1522M
 Pre-touch: Disabled
 Parallel Workers: 8
 Concurrent Workers: 2
 Concurrent Refinement Workers: 8
 Periodic GC: Disabled
Heap:
 garbage-first heap   total 444416K, used 127563K [0x00000000a0e00000, 0x0000000100000000)
  region size 1024K, 22 young (22528K), 22 survivors (22528K)
 Metaspace       used 50919K, committed 51328K, reserved 1097728K
  class space    used 6432K, committed 6656K, reserved 1048576K
GC Heap History (20 events):
Event: 14.123 GC heap after
{Heap after GC invocations=15 (full 0):
 garbage-first heap   total 61440K, used 34681K [0x00000000a0e00000, 0x0000000100000000)
  region size 1024K, 3 young (3072K), 3 survivors (3072K)
 Metaspace       used 37036K, committed 37312K, reserved 1081344K
  class space    used 4747K, committed 4864K, reserved 1048576K
}
Event: 14.154 GC heap before
{Heap before GC invocations=16 (full 0):
 garbage-first heap   total 76800K, used 46969K [0x00000000a0e00000, 0x0000000100000000)
  region size 1024K, 15 young (15360K), 3 survivors (3072K)
 Metaspace       used 37265K, committed 37632K, reserved 1081344K
  class space    used 4763K, committed 4928K, reserved 1048576K
}
Event: 14.158 GC heap after
{Heap after GC invocations=17 (full 0):
 garbage-first heap   total 76800K, used 36835K [0x00000000a0e00000, 0x0000000100000000)
  region size 1024K, 2 young (2048K), 2 survivors (2048K)
 Metaspace       used 37265K, committed 37632K, reserved 1081344K
  class space    used 4763K, committed 4928K, reserved 1048576K
}
Event: 14.189 GC heap before
{Heap before GC invocations=17 (full 0):
 garbage-first heap   total 76800K, used 56291K [0x00000000a0e00000, 0x0000000100000000)
  region size 1024K, 22 young (22528K), 2 survivors (2048K)
 Metaspace       used 37584K, committed 37952K, reserved 1089536K
  class space    used 4771K, committed 4928K, reserved 1048576K
}
Event: 14.196 GC heap after
{Heap after GC invocations=18 (full 0):
 garbage-first heap   total 222208K, used 43689K [0x00000000a0e00000, 0x0000000100000000)
  region size 1024K, 3 young (3072K), 3 survivors (3072K)
 Metaspace       used 37584K, committed 37952K, reserved 1089536K
  class space    used 4771K, committed 4928K, reserved 1048576K
}
Event: 14.482 GC heap before
{Heap before GC invocations=18 (full 0):
 garbage-first heap   total 222208K, used 137897K [0x00000000a0e00000, 0x0000000100000000)
  region size 1024K, 93 young (95232K), 3 survivors (3072K)
 Metaspace       used 39074K, committed 39488K, reserved 1089536K
  class space    used 4934K, committed 5120K, reserved 1048576K
}
Event: 14.514 GC heap after
{Heap after GC invocations=19 (full 0):
 garbage-first heap   total 222208K, used 75296K [0x00000000a0e00000, 0x0000000100000000)
  region size 1024K, 12 young (12288K), 12 survivors (12288K)
 Metaspace       used 39074K, committed 39488K, reserved 1089536K
  class space    used 4934K, committed 5120K, reserved 1048576K
}
Event: 14.553 GC heap before
{Heap before GC invocations=19 (full 0):
 garbage-first heap   total 222208K, used 132640K [0x00000000a0e00000, 0x0000000100000000)
  region size 1024K, 69 young (70656K), 12 survivors (12288K)
 Metaspace       used 39168K, committed 39552K, reserved 1089536K
  class space    used 4955K, committed 5120K, reserved 1048576K
}
Event: 14.561 GC heap after
{Heap after GC invocations=20 (full 0):
 garbage-first heap   total 222208K, used 79917K [0x00000000a0e00000, 0x0000000100000000)
  region size 1024K, 3 young (3072K), 3 survivors (3072K)
 Metaspace       used 39168K, committed 39552K, reserved 1089536K
  class space    used 4955K, committed 5120K, reserved 1048576K
}
Event: 14.600 GC heap before
{Heap before GC invocations=20 (full 0):
 garbage-first heap   total 222208K, used 144429K [0x00000000a0e00000, 0x0000000100000000)
  region size 1024K, 67 young (68608K), 3 survivors (3072K)
 Metaspace       used 39288K, committed 39680K, reserved 1089536K
  class space    used 4969K, committed 5120K, reserved 1048576K
}
Event: 14.603 GC heap after
{Heap after GC invocations=21 (full 0):
 garbage-first heap   total 222208K, used 82477K [0x00000000a0e00000, 0x0000000100000000)
  region size 1024K, 6 young (6144K), 6 survivors (6144K)
 Metaspace       used 39288K, committed 39680K, reserved 1089536K
  class space    used 4969K, committed 5120K, reserved 1048576K
}
Event: 14.648 GC heap before
{Heap before GC invocations=21 (full 0):
 garbage-first heap   total 222208K, used 155181K [0x00000000a0e00000, 0x0000000100000000)
  region size 1024K, 78 young (79872K), 6 survivors (6144K)
 Metaspace       used 39468K, committed 39872K, reserved 1089536K
  class space    used 4983K, committed 5184K, reserved 1048576K
}
Event: 14.656 GC heap after
{Heap after GC invocations=22 (full 0):
 garbage-first heap   total 444416K, used 85555K [0x00000000a0e00000, 0x0000000100000000)
  region size 1024K, 6 young (6144K), 6 survivors (6144K)
 Metaspace       used 39468K, committed 39872K, reserved 1089536K
  class space    used 4983K, committed 5184K, reserved 1048576K
}
Event: 14.845 GC heap before
{Heap before GC invocations=22 (full 0):
 garbage-first heap   total 444416K, used 327219K [0x00000000a0e00000, 0x0000000100000000)
  region size 1024K, 243 young (248832K), 6 survivors (6144K)
 Metaspace       used 41942K, committed 42304K, reserved 1089536K
  class space    used 5193K, committed 5376K, reserved 1048576K
}
Event: 14.855 GC heap after
{Heap after GC invocations=23 (full 0):
 garbage-first heap   total 444416K, used 94981K [0x00000000a0e00000, 0x0000000100000000)
  region size 1024K, 16 young (16384K), 16 survivors (16384K)
 Metaspace       used 41942K, committed 42304K, reserved 1089536K
  class space    used 5193K, committed 5376K, reserved 1048576K
}
Event: 15.029 GC heap before
{Heap before GC invocations=23 (full 0):
 garbage-first heap   total 444416K, used 337669K [0x00000000a0e00000, 0x0000000100000000)
  region size 1024K, 254 young (260096K), 16 survivors (16384K)
 Metaspace       used 44726K, committed 45120K, reserved 1089536K
  class space    used 5577K, committed 5760K, reserved 1048576K
}
Event: 15.043 GC heap after
{Heap after GC invocations=24 (full 0):
 garbage-first heap   total 444416K, used 106116K [0x00000000a0e00000, 0x0000000100000000)
  region size 1024K, 26 young (26624K), 26 survivors (26624K)
 Metaspace       used 44726K, committed 45120K, reserved 1089536K
  class space    used 5577K, committed 5760K, reserved 1048576K
}
Event: 15.266 GC heap before
{Heap before GC invocations=24 (full 0):
 garbage-first heap   total 444416K, used 344708K [0x00000000a0e00000, 0x0000000100000000)
  region size 1024K, 260 young (266240K), 26 survivors (26624K)
 Metaspace       used 48793K, committed 49216K, reserved 1097728K
  class space    used 6130K, committed 6336K, reserved 1048576K
}
Event: 15.287 GC heap after
{Heap after GC invocations=25 (full 0):
 garbage-first heap   total 444416K, used 117726K [0x00000000a0e00000, 0x0000000100000000)
  region size 1024K, 23 young (23552K), 23 survivors (23552K)
 Metaspace       used 48793K, committed 49216K, reserved 1097728K
  class space    used 6130K, committed 6336K, reserved 1048576K
}
Event: 15.434 GC heap before
{Heap before GC invocations=25 (full 0):
 garbage-first heap   total 444416K, used 353246K [0x00000000a0e00000, 0x0000000100000000)
  region size 1024K, 254 young (260096K), 23 survivors (23552K)
 Metaspace       used 50919K, committed 51328K, reserved 1097728K
  class space    used 6432K, committed 6656K, reserved 1048576K
}

