# JRE version: OpenJDK Runtime Environment Temurin-17.0.5+8 (17.0.5+8) (build 17.0.5+8)
# Java VM: OpenJDK 64-Bit Server VM Temurin-17.0.5+8 (17.0.5+8, mixed mode, tiered, compressed oops, compressed class ptrs, parallel gc, windows-amd64)
GC Precious Log:
 CPUs: 8 total, 8 available
 Memory: 6080M
 Large Page Support: Disabled
 NUMA Support: Disabled
 Compressed Oops: Enabled (32-bit)
 Alignments: Space 512K, Generation 512K, Heap 2M
 Heap Min Capacity: 100M
 Heap Initial Capacity: 100M
 Heap Max Capacity: 1G
 Pre-touch: Disabled
 Parallel Workers: 8
Heap:
 PSYoungGen      total 20992K, used 16667K [0x00000000eab00000, 0x00000000ec100000, 0x0000000100000000)
  eden space 19968K, 79% used [0x00000000eab00000,0x00000000eba7ad58,0x00000000ebe80000)
  from space 1024K, 79% used [0x00000000ebe80000,0x00000000ebf4c010,0x00000000ebf80000)
  to   space 1024K, 0% used [0x00000000ec000000,0x00000000ec000000,0x00000000ec100000)
 ParOldGen       total 68608K, used 35360K [0x00000000c0000000, 0x00000000c4300000, 0x00000000eab00000)
  object space 68608K, 51% used [0x00000000c0000000,0x00000000c22881f0,0x00000000c4300000)
 Metaspace       used 45807K, committed 46528K, reserved 1097728K
  class space    used 4602K, committed 4928K, reserved 1048576K
GC Heap History (20 events):
Event: 20.024 GC heap before
{Heap before GC invocations=16 (full 1):
 PSYoungGen      total 24064K, used 19473K [0x00000000eab00000, 0x00000000ec600000, 0x0000000100000000)
  eden space 20992K, 80% used [0x00000000eab00000,0x00000000ebb847b8,0x00000000ebf80000)
  from space 3072K, 83% used [0x00000000ec300000,0x00000000ec580010,0x00000000ec600000)
  to   space 3072K, 0% used [0x00000000ec000000,0x00000000ec000000,0x00000000ec300000)
 ParOldGen       total 68608K, used 26092K [0x00000000c0000000, 0x00000000c4300000, 0x00000000eab00000)
  object space 68608K, 38% used [0x00000000c0000000,0x00000000c197b3f0,0x00000000c4300000)
 Metaspace       used 35305K, committed 35840K, reserved 1081344K
  class space    used 3564K, committed 3776K, reserved 1048576K
}
Event: 20.030 GC heap after
{Heap after GC invocations=16 (full 1):
 PSYoungGen      total 23552K, used 2500K [0x00000000eab00000, 0x00000000ec480000, 0x0000000100000000)
  eden space 20992K, 0% used [0x00000000eab00000,0x00000000eab00000,0x00000000ebf80000)
  from space 2560K, 97% used [0x00000000ec000000,0x00000000ec2713d0,0x00000000ec280000)
  to   space 2048K, 0% used [0x00000000ec280000,0x00000000ec280000,0x00000000ec480000)
 ParOldGen       total 68608K, used 28501K [0x00000000c0000000, 0x00000000c4300000, 0x00000000eab00000)
  object space 68608K, 41% used [0x00000000c0000000,0x00000000c1bd5400,0x00000000c4300000)
 Metaspace       used 35305K, committed 35840K, reserved 1081344K
  class space    used 3564K, committed 3776K, reserved 1048576K
}
Event: 20.030 GC heap before
{Heap before GC invocations=17 (full 2):
 PSYoungGen      total 23552K, used 2500K [0x00000000eab00000, 0x00000000ec480000, 0x0000000100000000)
  eden space 20992K, 0% used [0x00000000eab00000,0x00000000eab00000,0x00000000ebf80000)
  from space 2560K, 97% used [0x00000000ec000000,0x00000000ec2713d0,0x00000000ec280000)
  to   space 2048K, 0% used [0x00000000ec280000,0x00000000ec280000,0x00000000ec480000)
 ParOldGen       total 68608K, used 28501K [0x00000000c0000000, 0x00000000c4300000, 0x00000000eab00000)
  object space 68608K, 41% used [0x00000000c0000000,0x00000000c1bd5400,0x00000000c4300000)
 Metaspace       used 35305K, committed 35840K, reserved 1081344K
  class space    used 3564K, committed 3776K, reserved 1048576K
}
Event: 20.076 GC heap after
{Heap after GC invocations=17 (full 2):
 PSYoungGen      total 23552K, used 0K [0x00000000eab00000, 0x00000000ec480000, 0x0000000100000000)
  eden space 20992K, 0% used [0x00000000eab00000,0x00000000eab00000,0x00000000ebf80000)
  from space 2560K, 0% used [0x00000000ec000000,0x00000000ec000000,0x00000000ec280000)
  to   space 2048K, 0% used [0x00000000ec280000,0x00000000ec280000,0x00000000ec480000)
 ParOldGen       total 68608K, used 30102K [0x00000000c0000000, 0x00000000c4300000, 0x00000000eab00000)
  object space 68608K, 43% used [0x00000000c0000000,0x00000000c1d65ba0,0x00000000c4300000)
 Metaspace       used 35305K, committed 35840K, reserved 1081344K
  class space    used 3564K, committed 3776K, reserved 1048576K
}
Event: 21.444 GC heap before
{Heap before GC invocations=18 (full 2):
 PSYoungGen      total 23552K, used 20952K [0x00000000eab00000, 0x00000000ec480000, 0x0000000100000000)
  eden space 20992K, 99% used [0x00000000eab00000,0x00000000ebf76198,0x00000000ebf80000)
  from space 2560K, 0% used [0x00000000ec000000,0x00000000ec000000,0x00000000ec280000)
  to   space 2048K, 0% used [0x00000000ec280000,0x00000000ec280000,0x00000000ec480000)
 ParOldGen       total 68608K, used 30102K [0x00000000c0000000, 0x00000000c4300000, 0x00000000eab00000)
  object space 68608K, 43% used [0x00000000c0000000,0x00000000c1d65ba0,0x00000000c4300000)
 Metaspace       used 37398K, committed 38016K, reserved 1089536K
  class space    used 3848K, committed 4096K, reserved 1048576K
}
Event: 21.446 GC heap after
{Heap after GC invocations=18 (full 2):
 PSYoungGen      total 22016K, used 726K [0x00000000eab00000, 0x00000000ec380000, 0x0000000100000000)
  eden space 20992K, 0% used [0x00000000eab00000,0x00000000eab00000,0x00000000ebf80000)
  from space 1024K, 70% used [0x00000000ec280000,0x00000000ec335a20,0x00000000ec380000)
  to   space 1536K, 0% used [0x00000000ec080000,0x00000000ec080000,0x00000000ec200000)
 ParOldGen       total 68608K, used 30110K [0x00000000c0000000, 0x00000000c4300000, 0x00000000eab00000)
  object space 68608K, 43% used [0x00000000c0000000,0x00000000c1d67ba0,0x00000000c4300000)
 Metaspace       used 37398K, committed 38016K, reserved 1089536K
  class space    used 3848K, committed 4096K, reserved 1048576K
}
Event: 23.476 GC heap before
{Heap before GC invocations=19 (full 2):
 PSYoungGen      total 22016K, used 21718K [0x00000000eab00000, 0x00000000ec380000, 0x0000000100000000)
  eden space 20992K, 100% used [0x00000000eab00000,0x00000000ebf80000,0x00000000ebf80000)
  from space 1024K, 70% used [0x00000000ec280000,0x00000000ec335a20,0x00000000ec380000)
  to   space 1536K, 0% used [0x00000000ec080000,0x00000000ec080000,0x00000000ec200000)
 ParOldGen       total 68608K, used 30110K [0x00000000c0000000, 0x00000000c4300000, 0x00000000eab00000)
  object space 68608K, 43% used [0x00000000c0000000,0x00000000c1d67ba0,0x00000000c4300000)
 Metaspace       used 39457K, committed 40064K, reserved 1089536K
  class space    used 4034K, committed 4288K, reserved 1048576K
}
Event: 23.478 GC heap after
{Heap after GC invocations=19 (full 2):
 PSYoungGen      total 22528K, used 480K [0x00000000eab00000, 0x00000000ec300000, 0x0000000100000000)
  eden space 20992K, 0% used [0x00000000eab00000,0x00000000eab00000,0x00000000ebf80000)
  from space 1536K, 31% used [0x00000000ec080000,0x00000000ec0f8000,0x00000000ec200000)
  to   space 1024K, 0% used [0x00000000ec200000,0x00000000ec200000,0x00000000ec300000)
 ParOldGen       total 68608K, used 30656K [0x00000000c0000000, 0x00000000c4300000, 0x00000000eab00000)
  object space 68608K, 44% used [0x00000000c0000000,0x00000000c1df00a8,0x00000000c4300000)
 Metaspace       used 39457K, committed 40064K, reserved 1089536K
  class space    used 4034K, committed 4288K, reserved 1048576K
}
Event: 24.510 GC heap before
{Heap before GC invocations=20 (full 2):
 PSYoungGen      total 22528K, used 21470K [0x00000000eab00000, 0x00000000ec300000, 0x0000000100000000)
  eden space 20992K, 99% used [0x00000000eab00000,0x00000000ebf7f9d0,0x00000000ebf80000)
  from space 1536K, 31% used [0x00000000ec080000,0x00000000ec0f8000,0x00000000ec200000)
  to   space 1024K, 0% used [0x00000000ec200000,0x00000000ec200000,0x00000000ec300000)
 ParOldGen       total 68608K, used 30656K [0x00000000c0000000, 0x00000000c4300000, 0x00000000eab00000)
  object space 68608K, 44% used [0x00000000c0000000,0x00000000c1df00a8,0x00000000c4300000)
 Metaspace       used 42370K, committed 43008K, reserved 1089536K
  class space    used 4327K, committed 4608K, reserved 1048576K
}
Event: 24.516 GC heap after
{Heap after GC invocations=20 (full 2):
 PSYoungGen      total 21504K, used 1024K [0x00000000eab00000, 0x00000000ec580000, 0x0000000100000000)
  eden space 20480K, 0% used [0x00000000eab00000,0x00000000eab00000,0x00000000ebf00000)
  from space 1024K, 100% used [0x00000000ec200000,0x00000000ec300000,0x00000000ec300000)
  to   space 3072K, 0% used [0x00000000ebf00000,0x00000000ebf00000,0x00000000ec200000)
 ParOldGen       total 68608K, used 32081K [0x00000000c0000000, 0x00000000c4300000, 0x00000000eab00000)
  object space 68608K, 46% used [0x00000000c0000000,0x00000000c1f54788,0x00000000c4300000)
 Metaspace       used 42370K, committed 43008K, reserved 1089536K
  class space    used 4327K, committed 4608K, reserved 1048576K
}
Event: 24.918 GC heap before
{Heap before GC invocations=21 (full 2):
 PSYoungGen      total 21504K, used 21471K [0x00000000eab00000, 0x00000000ec580000, 0x0000000100000000)
  eden space 20480K, 99% used [0x00000000eab00000,0x00000000ebef7d68,0x00000000ebf00000)
  from space 1024K, 100% used [0x00000000ec200000,0x00000000ec300000,0x00000000ec300000)
  to   space 3072K, 0% used [0x00000000ebf00000,0x00000000ebf00000,0x00000000ec200000)
 ParOldGen       total 68608K, used 32081K [0x00000000c0000000, 0x00000000c4300000, 0x00000000eab00000)
  object space 68608K, 46% used [0x00000000c0000000,0x00000000c1f54788,0x00000000c4300000)
 Metaspace       used 42798K, committed 43456K, reserved 1089536K
  class space    used 4363K, committed 4672K, reserved 1048576K
}
Event: 24.921 GC heap after
{Heap after GC invocations=21 (full 2):
 PSYoungGen      total 21504K, used 853K [0x00000000eab00000, 0x00000000ec280000, 0x0000000100000000)
  eden space 20480K, 0% used [0x00000000eab00000,0x00000000eab00000,0x00000000ebf00000)
  from space 1024K, 83% used [0x00000000ebf00000,0x00000000ebfd56a0,0x00000000ec000000)
  to   space 1536K, 0% used [0x00000000ec100000,0x00000000ec100000,0x00000000ec280000)
 ParOldGen       total 68608K, used 32981K [0x00000000c0000000, 0x00000000c4300000, 0x00000000eab00000)
  object space 68608K, 48% used [0x00000000c0000000,0x00000000c20356e0,0x00000000c4300000)
 Metaspace       used 42798K, committed 43456K, reserved 1089536K
  class space    used 4363K, committed 4672K, reserved 1048576K
}
Event: 25.180 GC heap before
{Heap before GC invocations=22 (full 2):
 PSYoungGen      total 21504K, used 21333K [0x00000000eab00000, 0x00000000ec280000, 0x0000000100000000)
  eden space 20480K, 100% used [0x00000000eab00000,0x00000000ebf00000,0x00000000ebf00000)
  from space 1024K, 83% used [0x00000000ebf00000,0x00000000ebfd56a0,0x00000000ec000000)
  to   space 1536K, 0% used [0x00000000ec100000,0x00000000ec100000,0x00000000ec280000)
 ParOldGen       total 68608K, used 32981K [0x00000000c0000000, 0x00000000c4300000, 0x00000000eab00000)
  object space 68608K, 48% used [0x00000000c0000000,0x00000000c20356e0,0x00000000c4300000)
 Metaspace       used 43186K, committed 43840K, reserved 1089536K
  class space    used 4390K, committed 4672K, reserved 1048576K
}
Event: 25.182 GC heap after
{Heap after GC invocations=22 (full 2):
 PSYoungGen      total 21504K, used 1510K [0x00000000eab00000, 0x00000000ec400000, 0x0000000100000000)
  eden space 19968K, 0% used [0x00000000eab00000,0x00000000eab00000,0x00000000ebe80000)
  from space 1536K, 98% used [0x00000000ec100000,0x00000000ec2798c8,0x00000000ec280000)
  to   space 2560K, 0% used [0x00000000ebe80000,0x00000000ebe80000,0x00000000ec100000)
 ParOldGen       total 68608K, used 33665K [0x00000000c0000000, 0x00000000c4300000, 0x00000000eab00000)
  object space 68608K, 49% used [0x00000000c0000000,0x00000000c20e0530,0x00000000c4300000)
 Metaspace       used 43186K, committed 43840K, reserved 1089536K
  class space    used 4390K, committed 4672K, reserved 1048576K
}
Event: 25.380 GC heap before
{Heap before GC invocations=23 (full 2):
 PSYoungGen      total 21504K, used 21478K [0x00000000eab00000, 0x00000000ec400000, 0x0000000100000000)
  eden space 19968K, 100% used [0x00000000eab00000,0x00000000ebe80000,0x00000000ebe80000)
  from space 1536K, 98% used [0x00000000ec100000,0x00000000ec2798c8,0x00000000ec280000)
  to   space 2560K, 0% used [0x00000000ebe80000,0x00000000ebe80000,0x00000000ec100000)
 ParOldGen       total 68608K, used 33665K [0x00000000c0000000, 0x00000000c4300000, 0x00000000eab00000)
  object space 68608K, 49% used [0x00000000c0000000,0x00000000c20e0530,0x00000000c4300000)
 Metaspace       used 43487K, committed 44096K, reserved 1089536K
  class space    used 4409K, committed 4672K, reserved 1048576K
}
Event: 25.381 GC heap after
{Heap after GC invocations=23 (full 2):
 PSYoungGen      total 20480K, used 256K [0x00000000eab00000, 0x00000000ec180000, 0x0000000100000000)
  eden space 19968K, 0% used [0x00000000eab00000,0x00000000eab00000,0x00000000ebe80000)
  from space 512K, 50% used [0x00000000ebe80000,0x00000000ebec0000,0x00000000ebf00000)
  to   space 1024K, 0% used [0x00000000ec080000,0x00000000ec080000,0x00000000ec180000)
 ParOldGen       total 68608K, used 34027K [0x00000000c0000000, 0x00000000c4300000, 0x00000000eab00000)
  object space 68608K, 49% used [0x00000000c0000000,0x00000000c213ad90,0x00000000c4300000)
 Metaspace       used 43487K, committed 44096K, reserved 1089536K
  class space    used 4409K, committed 4672K, reserved 1048576K
}
Event: 26.417 GC heap before
{Heap before GC invocations=24 (full 2):
 PSYoungGen      total 20480K, used 20224K [0x00000000eab00000, 0x00000000ec180000, 0x0000000100000000)
  eden space 19968K, 100% used [0x00000000eab00000,0x00000000ebe80000,0x00000000ebe80000)
  from space 512K, 50% used [0x00000000ebe80000,0x00000000ebec0000,0x00000000ebf00000)
  to   space 1024K, 0% used [0x00000000ec080000,0x00000000ec080000,0x00000000ec180000)
 ParOldGen       total 68608K, used 34027K [0x00000000c0000000, 0x00000000c4300000, 0x00000000eab00000)
  object space 68608K, 49% used [0x00000000c0000000,0x00000000c213ad90,0x00000000c4300000)
 Metaspace       used 45257K, committed 45952K, reserved 1097728K
  class space    used 4567K, committed 4864K, reserved 1048576K
}
Event: 26.419 GC heap after
{Heap after GC invocations=24 (full 2):
 PSYoungGen      total 20992K, used 1001K [0x00000000eab00000, 0x00000000ec280000, 0x0000000100000000)
  eden space 19968K, 0% used [0x00000000eab00000,0x00000000eab00000,0x00000000ebe80000)
  from space 1024K, 97% used [0x00000000ec080000,0x00000000ec17a480,0x00000000ec180000)
  to   space 2048K, 0% used [0x00000000ebe80000,0x00000000ebe80000,0x00000000ec080000)
 ParOldGen       total 68608K, used 34371K [0x00000000c0000000, 0x00000000c4300000, 0x00000000eab00000)
  object space 68608K, 50% used [0x00000000c0000000,0x00000000c2190db0,0x00000000c4300000)
 Metaspace       used 45257K, committed 45952K, reserved 1097728K
  class space    used 4567K, committed 4864K, reserved 1048576K
}
Event: 36.724 GC heap before
{Heap before GC invocations=25 (full 2):
 PSYoungGen      total 20992K, used 20969K [0x00000000eab00000, 0x00000000ec280000, 0x0000000100000000)
  eden space 19968K, 100% used [0x00000000eab00000,0x00000000ebe80000,0x00000000ebe80000)
  from space 1024K, 97% used [0x00000000ec080000,0x00000000ec17a480,0x00000000ec180000)
  to   space 2048K, 0% used [0x00000000ebe80000,0x00000000ebe80000,0x00000000ec080000)
 ParOldGen       total 68608K, used 34371K [0x00000000c0000000, 0x00000000c4300000, 0x00000000eab00000)
  object space 68608K, 50% used [0x00000000c0000000,0x00000000c2190db0,0x00000000c4300000)
 Metaspace       used 45425K, committed 46144K, reserved 1097728K
  class space    used 4568K, committed 4864K, reserved 1048576K
}
Event: 36.727 GC heap after
{Heap after GC invocations=25 (full 2):
 PSYoungGen      total 20992K, used 816K [0x00000000eab00000, 0x00000000ec100000, 0x0000000100000000)
  eden space 19968K, 0% used [0x00000000eab00000,0x00000000eab00000,0x00000000ebe80000)
  from space 1024K, 79% used [0x00000000ebe80000,0x00000000ebf4c010,0x00000000ebf80000)
  to   space 1024K, 0% used [0x00000000ec000000,0x00000000ec000000,0x00000000ec100000)
 ParOldGen       total 68608K, used 35360K [0x00000000c0000000, 0x00000000c4300000, 0x00000000eab00000)
  object space 68608K, 51% used [0x00000000c0000000,0x00000000c22881f0,0x00000000c4300000)
 Metaspace       used 45425K, committed 46144K, reserved 1097728K
  class space    used 4568K, committed 4864K, reserved 1048576K
}

