# JRE version: OpenJDK Runtime Environment Temurin-17.0.5+8 (17.0.5+8) (build 17.0.5+8)
# Java VM: OpenJDK 64-Bit Server VM Temurin-17.0.5+8 (17.0.5+8, mixed mode, tiered, compressed oops, compressed class ptrs, parallel gc, windows-amd64)
GC Precious Log:
 CPUs: 8 total, 8 available
 Memory: 6080M
 Large Page Support: Disabled
 NUMA Support: Disabled
 Compressed Oops: Enabled (32-bit)
 Alignments: Space 512K, Generation 512K, Heap 2M
 Heap Min Capacity: 100M
 Heap Initial Capacity: 100M
 Heap Max Capacity: 1G
 Pre-touch: Disabled
 Parallel Workers: 8
Heap:
 PSYoungGen      total 15872K, used 13045K [0x00000000eab00000, 0x00000000ebb80000, 0x0000000100000000)
  eden space 14848K, 85% used [0x00000000eab00000,0x00000000eb755788,0x00000000eb980000)
  from space 1024K, 40% used [0x00000000eb980000,0x00000000eb9e8000,0x00000000eba80000)
  to   space 512K, 0% used [0x00000000ebb00000,0x00000000ebb00000,0x00000000ebb80000)
 ParOldGen       total 68608K, used 50100K [0x00000000c0000000, 0x00000000c4300000, 0x00000000eab00000)
  object space 68608K, 73% used [0x00000000c0000000,0x00000000c30ed200,0x00000000c4300000)
 Metaspace       used 63596K, committed 64832K, reserved 1114112K
  class space    used 6614K, committed 7168K, reserved 1048576K
GC Heap History (20 events):
Event: 57.395 GC heap before
{Heap before GC invocations=59 (full 3):
 PSYoungGen      total 16896K, used 16512K [0x00000000eab00000, 0x00000000ebd80000, 0x0000000100000000)
  eden space 14848K, 100% used [0x00000000eab00000,0x00000000eb980000,0x00000000eb980000)
  from space 2048K, 81% used [0x00000000eb980000,0x00000000ebb20000,0x00000000ebb80000)
  to   space 2048K, 0% used [0x00000000ebb80000,0x00000000ebb80000,0x00000000ebd80000)
 ParOldGen       total 68608K, used 41990K [0x00000000c0000000, 0x00000000c4300000, 0x00000000eab00000)
  object space 68608K, 61% used [0x00000000c0000000,0x00000000c2901878,0x00000000c4300000)
 Metaspace       used 60498K, committed 61568K, reserved 1105920K
  class space    used 6349K, committed 6848K, reserved 1048576K
}
Event: 57.397 GC heap after
{Heap after GC invocations=59 (full 3):
 PSYoungGen      total 16384K, used 1312K [0x00000000eab00000, 0x00000000ebd00000, 0x0000000100000000)
  eden space 14848K, 0% used [0x00000000eab00000,0x00000000eab00000,0x00000000eb980000)
  from space 1536K, 85% used [0x00000000ebb80000,0x00000000ebcc8000,0x00000000ebd00000)
  to   space 1536K, 0% used [0x00000000eba00000,0x00000000eba00000,0x00000000ebb80000)
 ParOldGen       total 68608K, used 43370K [0x00000000c0000000, 0x00000000c4300000, 0x00000000eab00000)
  object space 68608K, 63% used [0x00000000c0000000,0x00000000c2a5a898,0x00000000c4300000)
 Metaspace       used 60498K, committed 61568K, reserved 1105920K
  class space    used 6349K, committed 6848K, reserved 1048576K
}
Event: 59.369 GC heap before
{Heap before GC invocations=60 (full 3):
 PSYoungGen      total 16384K, used 16160K [0x00000000eab00000, 0x00000000ebd00000, 0x0000000100000000)
  eden space 14848K, 100% used [0x00000000eab00000,0x00000000eb980000,0x00000000eb980000)
  from space 1536K, 85% used [0x00000000ebb80000,0x00000000ebcc8000,0x00000000ebd00000)
  to   space 1536K, 0% used [0x00000000eba00000,0x00000000eba00000,0x00000000ebb80000)
 ParOldGen       total 68608K, used 43370K [0x00000000c0000000, 0x00000000c4300000, 0x00000000eab00000)
  object space 68608K, 63% used [0x00000000c0000000,0x00000000c2a5a898,0x00000000c4300000)
 Metaspace       used 60812K, committed 61824K, reserved 1105920K
  class space    used 6371K, committed 6848K, reserved 1048576K
}
Event: 59.372 GC heap after
{Heap after GC invocations=60 (full 3):
 PSYoungGen      total 15872K, used 928K [0x00000000eab00000, 0x00000000ebc80000, 0x0000000100000000)
  eden space 14848K, 0% used [0x00000000eab00000,0x00000000eab00000,0x00000000eb980000)
  from space 1024K, 90% used [0x00000000eba00000,0x00000000ebae8000,0x00000000ebb00000)
  to   space 1536K, 0% used [0x00000000ebb00000,0x00000000ebb00000,0x00000000ebc80000)
 ParOldGen       total 68608K, used 44570K [0x00000000c0000000, 0x00000000c4300000, 0x00000000eab00000)
  object space 68608K, 64% used [0x00000000c0000000,0x00000000c2b868a8,0x00000000c4300000)
 Metaspace       used 60812K, committed 61824K, reserved 1105920K
  class space    used 6371K, committed 6848K, reserved 1048576K
}
Event: 62.053 GC heap before
{Heap before GC invocations=61 (full 3):
 PSYoungGen      total 15872K, used 15776K [0x00000000eab00000, 0x00000000ebc80000, 0x0000000100000000)
  eden space 14848K, 100% used [0x00000000eab00000,0x00000000eb980000,0x00000000eb980000)
  from space 1024K, 90% used [0x00000000eba00000,0x00000000ebae8000,0x00000000ebb00000)
  to   space 1536K, 0% used [0x00000000ebb00000,0x00000000ebb00000,0x00000000ebc80000)
 ParOldGen       total 68608K, used 44570K [0x00000000c0000000, 0x00000000c4300000, 0x00000000eab00000)
  object space 68608K, 64% used [0x00000000c0000000,0x00000000c2b868a8,0x00000000c4300000)
 Metaspace       used 60987K, committed 62016K, reserved 1105920K
  class space    used 6371K, committed 6848K, reserved 1048576K
}
Event: 62.055 GC heap after
{Heap after GC invocations=61 (full 3):
 PSYoungGen      total 16384K, used 1184K [0x00000000eab00000, 0x00000000ebc80000, 0x0000000100000000)
  eden space 14848K, 0% used [0x00000000eab00000,0x00000000eab00000,0x00000000eb980000)
  from space 1536K, 77% used [0x00000000ebb00000,0x00000000ebc28000,0x00000000ebc80000)
  to   space 1536K, 0% used [0x00000000eb980000,0x00000000eb980000,0x00000000ebb00000)
 ParOldGen       total 68608K, used 45314K [0x00000000c0000000, 0x00000000c4300000, 0x00000000eab00000)
  object space 68608K, 66% used [0x00000000c0000000,0x00000000c2c408b8,0x00000000c4300000)
 Metaspace       used 60987K, committed 62016K, reserved 1105920K
  class space    used 6371K, committed 6848K, reserved 1048576K
}
Event: 64.254 GC heap before
{Heap before GC invocations=62 (full 3):
 PSYoungGen      total 16384K, used 16032K [0x00000000eab00000, 0x00000000ebc80000, 0x0000000100000000)
  eden space 14848K, 100% used [0x00000000eab00000,0x00000000eb980000,0x00000000eb980000)
  from space 1536K, 77% used [0x00000000ebb00000,0x00000000ebc28000,0x00000000ebc80000)
  to   space 1536K, 0% used [0x00000000eb980000,0x00000000eb980000,0x00000000ebb00000)
 ParOldGen       total 68608K, used 45314K [0x00000000c0000000, 0x00000000c4300000, 0x00000000eab00000)
  object space 68608K, 66% used [0x00000000c0000000,0x00000000c2c408b8,0x00000000c4300000)
 Metaspace       used 61131K, committed 62144K, reserved 1105920K
  class space    used 6375K, committed 6848K, reserved 1048576K
}
Event: 64.256 GC heap after
{Heap after GC invocations=62 (full 3):
 PSYoungGen      total 15872K, used 640K [0x00000000eab00000, 0x00000000ebb80000, 0x0000000100000000)
  eden space 14848K, 0% used [0x00000000eab00000,0x00000000eab00000,0x00000000eb980000)
  from space 1024K, 62% used [0x00000000eb980000,0x00000000eba20000,0x00000000eba80000)
  to   space 1024K, 0% used [0x00000000eba80000,0x00000000eba80000,0x00000000ebb80000)
 ParOldGen       total 68608K, used 46266K [0x00000000c0000000, 0x00000000c4300000, 0x00000000eab00000)
  object space 68608K, 67% used [0x00000000c0000000,0x00000000c2d2e8b8,0x00000000c4300000)
 Metaspace       used 61131K, committed 62144K, reserved 1105920K
  class space    used 6375K, committed 6848K, reserved 1048576K
}
Event: 65.470 GC heap before
{Heap before GC invocations=63 (full 3):
 PSYoungGen      total 15872K, used 15488K [0x00000000eab00000, 0x00000000ebb80000, 0x0000000100000000)
  eden space 14848K, 100% used [0x00000000eab00000,0x00000000eb980000,0x00000000eb980000)
  from space 1024K, 62% used [0x00000000eb980000,0x00000000eba20000,0x00000000eba80000)
  to   space 1024K, 0% used [0x00000000eba80000,0x00000000eba80000,0x00000000ebb80000)
 ParOldGen       total 68608K, used 46266K [0x00000000c0000000, 0x00000000c4300000, 0x00000000eab00000)
  object space 68608K, 67% used [0x00000000c0000000,0x00000000c2d2e8b8,0x00000000c4300000)
 Metaspace       used 61261K, committed 62272K, reserved 1105920K
  class space    used 6379K, committed 6848K, reserved 1048576K
}
Event: 65.471 GC heap after
{Heap after GC invocations=63 (full 3):
 PSYoungGen      total 15872K, used 832K [0x00000000eab00000, 0x00000000ebb80000, 0x0000000100000000)
  eden space 14848K, 0% used [0x00000000eab00000,0x00000000eab00000,0x00000000eb980000)
  from space 1024K, 81% used [0x00000000eba80000,0x00000000ebb50000,0x00000000ebb80000)
  to   space 1024K, 0% used [0x00000000eb980000,0x00000000eb980000,0x00000000eba80000)
 ParOldGen       total 68608K, used 46810K [0x00000000c0000000, 0x00000000c4300000, 0x00000000eab00000)
  object space 68608K, 68% used [0x00000000c0000000,0x00000000c2db68c8,0x00000000c4300000)
 Metaspace       used 61261K, committed 62272K, reserved 1105920K
  class space    used 6379K, committed 6848K, reserved 1048576K
}
Event: 66.499 GC heap before
{Heap before GC invocations=64 (full 3):
 PSYoungGen      total 15872K, used 15680K [0x00000000eab00000, 0x00000000ebb80000, 0x0000000100000000)
  eden space 14848K, 100% used [0x00000000eab00000,0x00000000eb980000,0x00000000eb980000)
  from space 1024K, 81% used [0x00000000eba80000,0x00000000ebb50000,0x00000000ebb80000)
  to   space 1024K, 0% used [0x00000000eb980000,0x00000000eb980000,0x00000000eba80000)
 ParOldGen       total 68608K, used 46810K [0x00000000c0000000, 0x00000000c4300000, 0x00000000eab00000)
  object space 68608K, 68% used [0x00000000c0000000,0x00000000c2db68c8,0x00000000c4300000)
 Metaspace       used 61825K, committed 62912K, reserved 1105920K
  class space    used 6440K, committed 6976K, reserved 1048576K
}
Event: 66.501 GC heap after
{Heap after GC invocations=64 (full 3):
 PSYoungGen      total 15872K, used 1024K [0x00000000eab00000, 0x00000000ebd80000, 0x0000000100000000)
  eden space 14848K, 0% used [0x00000000eab00000,0x00000000eab00000,0x00000000eb980000)
  from space 1024K, 100% used [0x00000000eb980000,0x00000000eba80000,0x00000000eba80000)
  to   space 2048K, 0% used [0x00000000ebb80000,0x00000000ebb80000,0x00000000ebd80000)
 ParOldGen       total 68608K, used 47618K [0x00000000c0000000, 0x00000000c4300000, 0x00000000eab00000)
  object space 68608K, 69% used [0x00000000c0000000,0x00000000c2e808c8,0x00000000c4300000)
 Metaspace       used 61825K, committed 62912K, reserved 1105920K
  class space    used 6440K, committed 6976K, reserved 1048576K
}
Event: 68.567 GC heap before
{Heap before GC invocations=65 (full 3):
 PSYoungGen      total 15872K, used 15872K [0x00000000eab00000, 0x00000000ebd80000, 0x0000000100000000)
  eden space 14848K, 100% used [0x00000000eab00000,0x00000000eb980000,0x00000000eb980000)
  from space 1024K, 100% used [0x00000000eb980000,0x00000000eba80000,0x00000000eba80000)
  to   space 2048K, 0% used [0x00000000ebb80000,0x00000000ebb80000,0x00000000ebd80000)
 ParOldGen       total 68608K, used 47618K [0x00000000c0000000, 0x00000000c4300000, 0x00000000eab00000)
  object space 68608K, 69% used [0x00000000c0000000,0x00000000c2e808c8,0x00000000c4300000)
 Metaspace       used 61955K, committed 63104K, reserved 1105920K
  class space    used 6441K, committed 6976K, reserved 1048576K
}
Event: 68.569 GC heap after
{Heap after GC invocations=65 (full 3):
 PSYoungGen      total 16384K, used 1088K [0x00000000eab00000, 0x00000000ebd00000, 0x0000000100000000)
  eden space 14848K, 0% used [0x00000000eab00000,0x00000000eab00000,0x00000000eb980000)
  from space 1536K, 70% used [0x00000000ebb80000,0x00000000ebc90000,0x00000000ebd00000)
  to   space 1536K, 0% used [0x00000000eba00000,0x00000000eba00000,0x00000000ebb80000)
 ParOldGen       total 68608K, used 48566K [0x00000000c0000000, 0x00000000c4300000, 0x00000000eab00000)
  object space 68608K, 70% used [0x00000000c0000000,0x00000000c2f6d8d8,0x00000000c4300000)
 Metaspace       used 61955K, committed 63104K, reserved 1105920K
  class space    used 6441K, committed 6976K, reserved 1048576K
}
Event: 70.664 GC heap before
{Heap before GC invocations=66 (full 3):
 PSYoungGen      total 16384K, used 15701K [0x00000000eab00000, 0x00000000ebd00000, 0x0000000100000000)
  eden space 14848K, 98% used [0x00000000eab00000,0x00000000eb945460,0x00000000eb980000)
  from space 1536K, 70% used [0x00000000ebb80000,0x00000000ebc90000,0x00000000ebd00000)
  to   space 1536K, 0% used [0x00000000eba00000,0x00000000eba00000,0x00000000ebb80000)
 ParOldGen       total 68608K, used 48566K [0x00000000c0000000, 0x00000000c4300000, 0x00000000eab00000)
  object space 68608K, 70% used [0x00000000c0000000,0x00000000c2f6d8d8,0x00000000c4300000)
 Metaspace       used 62826K, committed 63936K, reserved 1105920K
  class space    used 6535K, committed 7104K, reserved 1048576K
}
Event: 70.667 GC heap after
{Heap after GC invocations=66 (full 3):
 PSYoungGen      total 15872K, used 856K [0x00000000eab00000, 0x00000000ebc00000, 0x0000000100000000)
  eden space 14848K, 0% used [0x00000000eab00000,0x00000000eab00000,0x00000000eb980000)
  from space 1024K, 83% used [0x00000000eba00000,0x00000000ebad6008,0x00000000ebb00000)
  to   space 1024K, 0% used [0x00000000ebb00000,0x00000000ebb00000,0x00000000ebc00000)
 ParOldGen       total 68608K, used 49430K [0x00000000c0000000, 0x00000000c4300000, 0x00000000eab00000)
  object space 68608K, 72% used [0x00000000c0000000,0x00000000c30458d8,0x00000000c4300000)
 Metaspace       used 62826K, committed 63936K, reserved 1105920K
  class space    used 6535K, committed 7104K, reserved 1048576K
}
Event: 71.813 GC heap before
{Heap before GC invocations=67 (full 3):
 PSYoungGen      total 15872K, used 15602K [0x00000000eab00000, 0x00000000ebc00000, 0x0000000100000000)
  eden space 14848K, 99% used [0x00000000eab00000,0x00000000eb966978,0x00000000eb980000)
  from space 1024K, 83% used [0x00000000eba00000,0x00000000ebad6008,0x00000000ebb00000)
  to   space 1024K, 0% used [0x00000000ebb00000,0x00000000ebb00000,0x00000000ebc00000)
 ParOldGen       total 68608K, used 49430K [0x00000000c0000000, 0x00000000c4300000, 0x00000000eab00000)
  object space 68608K, 72% used [0x00000000c0000000,0x00000000c30458d8,0x00000000c4300000)
 Metaspace       used 62908K, committed 64128K, reserved 1105920K
  class space    used 6541K, committed 7104K, reserved 1048576K
}
Event: 71.814 GC heap after
{Heap after GC invocations=67 (full 3):
 PSYoungGen      total 15360K, used 320K [0x00000000eab00000, 0x00000000ebb80000, 0x0000000100000000)
  eden space 14848K, 0% used [0x00000000eab00000,0x00000000eab00000,0x00000000eb980000)
  from space 512K, 62% used [0x00000000ebb00000,0x00000000ebb50000,0x00000000ebb80000)
  to   space 1024K, 0% used [0x00000000eb980000,0x00000000eb980000,0x00000000eba80000)
 ParOldGen       total 68608K, used 50020K [0x00000000c0000000, 0x00000000c4300000, 0x00000000eab00000)
  object space 68608K, 72% used [0x00000000c0000000,0x00000000c30d9200,0x00000000c4300000)
 Metaspace       used 62908K, committed 64128K, reserved 1105920K
  class space    used 6541K, committed 7104K, reserved 1048576K
}
Event: 73.161 GC heap before
{Heap before GC invocations=68 (full 3):
 PSYoungGen      total 15360K, used 15168K [0x00000000eab00000, 0x00000000ebb80000, 0x0000000100000000)
  eden space 14848K, 100% used [0x00000000eab00000,0x00000000eb980000,0x00000000eb980000)
  from space 512K, 62% used [0x00000000ebb00000,0x00000000ebb50000,0x00000000ebb80000)
  to   space 1024K, 0% used [0x00000000eb980000,0x00000000eb980000,0x00000000eba80000)
 ParOldGen       total 68608K, used 50020K [0x00000000c0000000, 0x00000000c4300000, 0x00000000eab00000)
  object space 68608K, 72% used [0x00000000c0000000,0x00000000c30d9200,0x00000000c4300000)
 Metaspace       used 63156K, committed 64320K, reserved 1114112K
  class space    used 6561K, committed 7104K, reserved 1048576K
}
Event: 73.162 GC heap after
{Heap after GC invocations=68 (full 3):
 PSYoungGen      total 15872K, used 416K [0x00000000eab00000, 0x00000000ebb80000, 0x0000000100000000)
  eden space 14848K, 0% used [0x00000000eab00000,0x00000000eab00000,0x00000000eb980000)
  from space 1024K, 40% used [0x00000000eb980000,0x00000000eb9e8000,0x00000000eba80000)
  to   space 512K, 0% used [0x00000000ebb00000,0x00000000ebb00000,0x00000000ebb80000)
 ParOldGen       total 68608K, used 50100K [0x00000000c0000000, 0x00000000c4300000, 0x00000000eab00000)
  object space 68608K, 73% used [0x00000000c0000000,0x00000000c30ed200,0x00000000c4300000)
 Metaspace       used 63156K, committed 64320K, reserved 1114112K
  class space    used 6561K, committed 7104K, reserved 1048576K
}

